<?xml version="1.0" encoding="UTF-8" ?>
<testsuite errors="0" failures="0" hostname="WIN-D8APU05N8QS" name="CheckResultTest" skipped="0" tests="4" time="0.083" timestamp="2024-06-05T07:34:49">
  <properties>
[...]
</properties>
  <testcase classname="CheckResultTest" name="testCheckCircle" time="0.003" />
  <testcase classname="CheckResultTest" name="testCheckOutside" time="0.001" />
  <testcase classname="CheckResultTest" name="testCheckSquare" time="0.0" />
  <testcase classname="CheckResultTest" name="testCheckTriangle" time="0.0" />
  <system-out><![CDATA[]]></system-out>
  <system-err><![CDATA[]]></system-err>
</testsuite>
